yarn run v1.22.19
$ react-scripts start dev
Something is already running on port 3000.
Done in 1.85s.
yarn run v1.22.19
$ react-scripts start dev
Something is already running on port 3000.
Done in 1.89s.
yarn run v1.22.19
$ react-scripts start dev
Starting the development server...

Compiled with warnings.

[eslint] 
src/components/AffNetwork.js
  Line 11:10:  'red' is defined but never used                      no-unused-vars
  Line 39:8:   'signer' is assigned a value but never used          no-unused-vars
  Line 40:8:   'error' is assigned a value but never used           no-unused-vars
  Line 42:8:   'accountBalance' is assigned a value but never used  no-unused-vars

Search for the keywords to learn more about each warning.
To ignore, add // eslint-disable-next-line to the line before.

WARNING in [eslint] 
src/components/AffNetwork.js
  Line 11:10:  'red' is defined but never used                      no-unused-vars
  Line 39:8:   'signer' is assigned a value but never used          no-unused-vars
  Line 40:8:   'error' is assigned a value but never used           no-unused-vars
  Line 42:8:   'accountBalance' is assigned a value but never used  no-unused-vars

webpack compiled with 1 warning
yarn run v1.22.19
info Visit https://yarnpkg.com/en/docs/cli/run for documentation about this command.
yarn run v1.22.19
info Visit https://yarnpkg.com/en/docs/cli/run for documentation about this command.
yarn run v1.22.19
$ nodemon app.js
[33m[nodemon] 2.0.20[39m
[33m[nodemon] to restart at any time, enter `rs`[39m
[33m[nodemon] watching path(s): *.*[39m
[33m[nodemon] watching extensions: js,mjs,json[39m
[32m[nodemon] starting `node app.js`[39m
Server is running on port 8080
[0mPOST /login [32m200 [0m211.542 ms - 66[0m
[0mPOST /goform/set_LimitClient_cfg [0m- [0m- ms - -[0m
[0mGET / [32m200 [0m21.718 ms - 60[0m
[0mGET / [32m200 [0m16.359 ms - 60[0m
[0mPOST /goform/set_LimitClient_cfg [0m- [0m- ms - -[0m
[0mPOST /goform/set_LimitClient_cfg [0m- [0m- ms - -[0m
[0mGET / [32m200 [0m16.480 ms - 60[0m
[0mGET / [32m200 [0m14.523 ms - 60[0m
[0mGET / [32m200 [0m16.218 ms - 60[0m
[0mGET / [32m200 [0m6.089 ms - 60[0m
[0mGET / [32m200 [0m13.937 ms - 60[0m
[0mGET /login [32m200 [0m55.579 ms - 268[0m
[0mGET /login [36m304 [0m20.134 ms - -[0m
[0mGET /logout [32m200 [0m8.746 ms - 45[0m
[0mPOST /login [32m200 [0m159.595 ms - 66[0m
[0mGET /login [32m200 [0m9.363 ms - 268[0m
[0mPOST /login [32m200 [0m142.771 ms - 66[0m
[0mGET /login [32m200 [0m9.556 ms - 268[0m
[0mPOST /account/password [32m200 [0m241.417 ms - 65[0m
[0mPOST /login [33m400 [0m142.767 ms - 73[0m
[0mPOST /login [32m200 [0m138.239 ms - 66[0m
[0mGET /login [32m200 [0m9.268 ms - 268[0m
[0mGET /admin/transactions [36m302 [0m18.168 ms - 23[0m
[0mGET / [32m200 [0m11.736 ms - 60[0m
[0mGET / [32m200 [0m17.590 ms - 60[0m
[0mGET / [32m200 [0m16.766 ms - 60[0m
[0mGET / [32m200 [0m43.210 ms - 60[0m
[0mGET / [32m200 [0m14.829 ms - 60[0m
[0mGET / [32m200 [0m14.704 ms - 60[0m
[0mGET /securityRealm/user/admin/search/index?q=a [33m404 [0m5.770 ms - 176[0m
[0mGET / [32m200 [0m6.060 ms - 60[0m
[0mPOST /Autodiscover/Autodiscover.xml [33m404 [0m6.094 ms - 169[0m
[0mPOST /vendor/phpunit/phpunit/src/Util/PHP/eval-stdin.php [33m404 [0m5.877 ms - 190[0m
[0mGET /vendor/phpunit/phpunit/src/Util/PHP/eval-stdin.php [33m404 [0m4.978 ms - 189[0m
[0mGET /?XDEBUG_SESSION_START=phpstorm [32m200 [0m13.666 ms - 60[0m
[0mGET /console/ [33m404 [0m3.183 ms - 147[0m
[0mGET /_ignition/execute-solution [33m404 [0m4.374 ms - 165[0m
[0mGET / [32m200 [0m10.218 ms - 60[0m
[0mGET / [32m200 [0m5.371 ms - 60[0m
[0mGET / [32m200 [0m7.032 ms - 60[0m
[0mGET /favicon.ico [33m404 [0m1.985 ms - 150[0m
[0mGET http://api.ipify.org/?format=json [32m200 [0m5.450 ms - 60[0m
[0mGET /actuator/gateway/routes [33m404 [0m2.371 ms - 162[0m
[0mGET / [32m200 [0m13.096 ms - 60[0m
[0mGET /geoserver [33m404 [0m2.379 ms - 148[0m
[0mGET / [32m200 [0m18.264 ms - 60[0m
[0mGET /manager/html [33m404 [0m5.630 ms - 151[0m
[0mGET / [32m200 [0m14.854 ms - 60[0m
[0mGET / [32m200 [0m13.092 ms - 60[0m
[0mGET / [32m200 [0m17.976 ms - 60[0m
[0mGET /favicon.ico [33m404 [0m2.504 ms - 150[0m
[0mGET /robots.txt [33m404 [0m1.477 ms - 149[0m
[0mGET /sitemap.xml [33m404 [0m1.451 ms - 150[0m
[0mGET / [32m200 [0m13.846 ms - 60[0m
[0mGET /cgi-bin/webproc [33m404 [0m6.271 ms - 154[0m
{
  email: 'reh.sh@hotmail.com',
  password: '12345678',
  confirmPassword: '12345678',
  walletAddress: '0x457af5b27b7ccba531bb5171c7cc1a569517e486'
} req body
[0mPOST /signUp [32m200 [0m129.852 ms - 58[0m
[0mPOST /login [32m200 [0m131.857 ms - 66[0m
[0mGET /login [32m200 [0m16.370 ms - 259[0m
[0mGET /logout [32m200 [0m5.392 ms - 45[0m
[0mGET /login?from=%2F [33m401 [0m4.771 ms - 56[0m
[0mGET / [32m200 [0m21.749 ms - 60[0m
[0mPOST /FD873AC4-CF86-4FED-84EC-4BD59C6F17A7 [33m404 [0m6.261 ms - 176[0m
[0mGET / [32m200 [0m32.299 ms - 60[0m
[0mGET / [32m200 [0m16.083 ms - 60[0m
[0mGET / [32m200 [0m4.806 ms - 60[0m
[0mGET /favicon.ico [33m404 [0m2.402 ms - 150[0m
[0mGET / [32m200 [0m12.700 ms - 60[0m
[0mGET /webfig/ [33m404 [0m2.025 ms - 146[0m
[0mGET / [32m200 [0m16.192 ms - 60[0m
[0mGET / [32m200 [0m12.777 ms - 60[0m
[0mGET http://checkip.dyndns.org/ [32m200 [0m4.276 ms - 60[0m
[0mGET /aaa9 [33m404 [0m6.324 ms - 143[0m
[0mGET /aab8 [33m404 [0m1.818 ms - 143[0m
[0mGET / [32m200 [0m10.048 ms - 60[0m
[0mGET / [32m200 [0m13.609 ms - 60[0m
[0mGET / [32m200 [0m14.981 ms - 60[0m
[0mGET / [32m200 [0m14.293 ms - 60[0m
[0mGET / [32m200 [0m14.867 ms - 60[0m
[0mGET / [32m200 [0m4.488 ms - 60[0m
[0mGET /favicon.ico [33m404 [0m2.219 ms - 150[0m
[0mGET /hudson [33m404 [0m5.793 ms - 145[0m
[0mGET / [32m200 [0m15.346 ms - 60[0m
[0mGET / [32m200 [0m15.106 ms - 60[0m
[0mGET / [32m200 [0m8.974 ms - 60[0m
[0mGET / [32m200 [0m17.835 ms - 60[0m
[0mGET / [32m200 [0m16.691 ms - 60[0m
[0mGET / [32m200 [0m5.030 ms - 60[0m
[0mGET /?XDEBUG_SESSION_START=phpstorm [32m200 [0m18.269 ms - 60[0m
[0mGET / [32m200 [0m14.060 ms - 60[0m
[0mGET /actuator/gateway/routes [33m404 [0m5.334 ms - 162[0m
[0mGET / [32m200 [0m11.368 ms - 60[0m
[0mGET /showLogin.cc [33m404 [0m4.019 ms - 151[0m
[0mGET / [32m200 [0m6.008 ms - 60[0m
[0mGET /favicon.ico [33m404 [0m1.528 ms - 150[0m
[0mGET / [32m200 [0m4.620 ms - 60[0m
[0mGET / [32m200 [0m4.071 ms - 60[0m
[0mGET / [32m200 [0m6.469 ms - 60[0m
[0mGET /login [33m401 [0m1.825 ms - 56[0m
[0mGET /webfig/ [33m404 [0m1.654 ms - 146[0m
[0mGET /Telerik.Web.UI.WebResource.axd?type=rau [33m404 [0m1.700 ms - 169[0m
[0mGET /admin/ [33m404 [0m1.591 ms - 145[0m
[0mGET /cgi-bin/authLogin.cgi [33m404 [0m1.369 ms - 160[0m
[0mGET /favicon.ico [33m404 [0m1.730 ms - 150[0m
[0mGET /static/historypage.js [33m404 [0m1.457 ms - 160[0m
[0mGET / [32m200 [0m19.091 ms - 60[0m
[0mGET / [32m200 [0m16.954 ms - 60[0m
[0mGET / [32m200 [0m10.074 ms - 60[0m
[0mGET / [32m200 [0m4.167 ms - 60[0m
[0mGET /favicon.ico [33m404 [0m1.997 ms - 150[0m
[0mGET / [32m200 [0m18.437 ms - 60[0m
[0mGET / [32m200 [0m16.268 ms - 60[0m
[0mGET /webfig/ [33m404 [0m2.491 ms - 146[0m
[0mGET / [32m200 [0m9.606 ms - 60[0m
[0mGET / [32m200 [0m3.518 ms - 60[0m
[0mGET /favicon.ico [33m404 [0m2.308 ms - 150[0m
[0mGET / [32m200 [0m16.222 ms - 60[0m
[0mGET / [32m200 [0m9.688 ms - 60[0m
[0mGET / [32m200 [0m12.610 ms - 60[0m
[0mGET / [32m200 [0m14.092 ms - 60[0m
[0mGET /favicon.ico [33m404 [0m2.844 ms - 150[0m
[0mGET http://api.ipify.org/?format=json [32m200 [0m18.311 ms - 60[0m
[0mGET / [32m200 [0m14.543 ms - 60[0m
[0mGET /favicon.ico [33m404 [0m2.252 ms - 150[0m
[0mGET http://api64.ipify.org/?format=json [32m200 [0m5.490 ms - 60[0m
[0mGET / [32m200 [0m16.385 ms - 60[0m
[0mGET / [32m200 [0m14.882 ms - 60[0m
[0mGET / [32m200 [0m13.125 ms - 60[0m
[0mGET /favicon.ico [33m404 [0m2.367 ms - 150[0m
[0mGET /robots.txt [33m404 [0m1.667 ms - 149[0m
[0mGET /sitemap.xml [33m404 [0m1.345 ms - 150[0m
[0mGET / [32m200 [0m7.452 ms - 60[0m
[0mGET / [32m200 [0m15.164 ms - 60[0m
[0mGET / [32m200 [0m15.092 ms - 60[0m
[0mGET / [32m200 [0m14.169 ms - 60[0m
[0mGET / [32m200 [0m13.627 ms - 60[0m
[0mGET / [32m200 [0m9.437 ms - 60[0m
[0mGET / [32m200 [0m19.018 ms - 60[0m
[0mPOST /cgi-bin/luci/;stok=/locate?form=country [0m- [0m- ms - -[0m
[0mGET / [32m200 [0m14.218 ms - 60[0m
[0mGET / [32m200 [0m14.071 ms - 60[0m
[0mGET /favicon.ico [33m404 [0m3.518 ms - 150[0m
[0mGET http://api.ipify.org/?format=json [32m200 [0m4.317 ms - 60[0m
[0mGET /actuator/health [33m404 [0m5.958 ms - 154[0m
[0mGET / [32m200 [0m15.453 ms - 60[0m
[0mGET / [32m200 [0m14.209 ms - 60[0m
[0mGET / [32m200 [0m15.357 ms - 60[0m
[0mGET /favicon.ico [33m404 [0m2.272 ms - 150[0m
[0mGET http://api64.ipify.org/?format=json [32m200 [0m3.994 ms - 60[0m
[0mGET / [32m200 [0m12.832 ms - 60[0m
[0mGET / [32m200 [0m16.943 ms - 60[0m
[0mGET / [32m200 [0m5.929 ms - 60[0m
[0mGET / [32m200 [0m3.666 ms - 60[0m
[0mGET / [32m200 [0m3.555 ms - 60[0m
[0mGET / [32m200 [0m3.712 ms - 60[0m
[0mGET / [32m200 [0m15.384 ms - 60[0m
[0mPOST /goform/set_LimitClient_cfg [0m- [0m- ms - -[0m
[0mGET / [32m200 [0m9.070 ms - 60[0m
[0mGET / [32m200 [0m3.939 ms - 60[0m
[0mGET /favicon.ico [33m404 [0m1.607 ms - 150[0m
[0mGET / [32m200 [0m13.960 ms - 60[0m
[0mGET / [32m200 [0m16.258 ms - 60[0m
[0mGET / [32m200 [0m12.452 ms - 60[0m
[0mGET /favicon.ico [33m404 [0m2.390 ms - 150[0m
[0mGET /robots.txt [33m404 [0m1.559 ms - 149[0m
[0mGET /sitemap.xml [33m404 [0m2.057 ms - 150[0m
[0mGET /cgi-bin/luci [33m404 [0m6.916 ms - 151[0m
[0mGET /config/getuser?index=0 [33m404 [0m11.244 ms - 153[0m
[0mGET / [32m200 [0m15.987 ms - 60[0m
[0mGET / [32m200 [0m15.994 ms - 60[0m
[0mGET / [32m200 [0m4.715 ms - 60[0m
[0mGET /favicon.ico [33m404 [0m2.377 ms - 150[0m
[0mGET /robots.txt [33m404 [0m1.934 ms - 149[0m
[0mGET /sitemap.xml [33m404 [0m1.442 ms - 150[0m
[0mGET / [32m200 [0m13.219 ms - 60[0m
[0mGET / [32m200 [0m4.400 ms - 60[0m
[0mGET /favicon.ico [33m404 [0m2.164 ms - 150[0m
[0mGET /?XDEBUG_SESSION_START=phpstorm [32m200 [0m12.976 ms - 60[0m
[0mGET /actuator/gateway/routes [33m404 [0m7.453 ms - 162[0m
[0mGET / [32m200 [0m13.525 ms - 60[0m
[0mGET / [32m200 [0m13.056 ms - 60[0m
[0mGET / [32m200 [0m13.959 ms - 60[0m
[0mGET / [32m200 [0m8.209 ms - 60[0m
[0mGET / [32m200 [0m5.914 ms - 60[0m
[0mGET / [32m200 [0m9.446 ms - 60[0m
[0mGET / [32m200 [0m11.806 ms - 60[0m
[0mGET / [32m200 [0m14.057 ms - 60[0m
[0mGET / [32m200 [0m17.204 ms - 60[0m
[0mGET /servlet?m=mod_listener&p=login&q=loginForm&jumpto=status [33m404 [0m6.285 ms - 146[0m
[0mGET / [32m200 [0m14.882 ms - 60[0m
[0mGET / [32m200 [0m13.883 ms - 60[0m
[0mGET /cgi-bin/luci [33m404 [0m6.364 ms - 151[0m
[0mGET /login [33m401 [0m3.444 ms - 56[0m
[0mGET / [32m200 [0m9.140 ms - 60[0m
[0mGET / [32m200 [0m11.773 ms - 60[0m
[0mGET / [32m200 [0m8.541 ms - 60[0m
[0mGET / [32m200 [0m7.099 ms - 60[0m
[0mGET /favicon.ico [33m404 [0m2.328 ms - 150[0m
[0mGET http://api64.ipify.org/?format=json [32m200 [0m4.223 ms - 60[0m
[0mGET / [32m200 [0m6.381 ms - 60[0m
[0mGET /favicon.ico [33m404 [0m1.986 ms - 150[0m
[0mGET http://api.ipify.org/?format=json [32m200 [0m4.707 ms - 60[0m
[0mGET / [32m200 [0m14.467 ms - 60[0m
[0mGET /config/getuser?index=0 [33m404 [0m6.502 ms - 153[0m
[0mGET / [32m200 [0m16.575 ms - 60[0m
[0mGET /?XDEBUG_SESSION_START=phpstorm [32m200 [0m5.396 ms - 60[0m
[0mGET / [32m200 [0m11.786 ms - 60[0m
[0mGET /actuator/gateway/routes [33m404 [0m4.219 ms - 162[0m
[0mGET /config/getuser?index=0 [33m404 [0m5.514 ms - 153[0m
[0mGET / [32m200 [0m17.676 ms - 60[0m
[0mGET http://www.msftncsi.com/ncsi.txt [33m404 [0m2.327 ms - 147[0m
[0mGET /HNAP1/ [33m404 [0m15.492 ms - 145[0m
[0mGET /hudson/script [33m404 [0m5.392 ms - 152[0m
[0mGET /script [33m404 [0m3.983 ms - 145[0m
[0mGET /sqlite/main.php [33m404 [0m4.045 ms - 154[0m
[0mGET /sqlitemanager/main.php [33m404 [0m5.191 ms - 161[0m
[0mGET /SQLiteManager/main.php [33m404 [0m3.457 ms - 161[0m
[0mGET /SQLite/main.php [33m404 [0m4.215 ms - 154[0m
[0mGET /SQlite/main.php [33m404 [0m4.378 ms - 154[0m
[0mGET /main.php [33m404 [0m4.113 ms - 147[0m
[0mGET /test/sqlite/SQLiteManager-1.2.0/SQLiteManager-1.2.0/main.php [33m404 [0m4.058 ms - 199[0m
[0mGET /SQLiteManager-1.2.4/main.php [33m404 [0m3.979 ms - 167[0m
[0mGET /agSearch/SQlite/main.php [33m404 [0m3.854 ms - 163[0m
[0mGET /phpmyadmin/ [33m404 [0m3.577 ms - 150[0m
[0mGET /phpMyAdmin/ [33m404 [0m5.226 ms - 150[0m
[0mGET /PMA/ [33m404 [0m4.416 ms - 143[0m
[0mGET /pma/ [33m404 [0m4.272 ms - 143[0m
[0mGET /admin/ [33m404 [0m6.377 ms - 145[0m
[0mGET /dbadmin/ [33m404 [0m4.390 ms - 147[0m
[0mGET /mysql/ [33m404 [0m4.589 ms - 145[0m
[0mGET /myadmin/ [33m404 [0m3.839 ms - 147[0m
[0mGET /openserver/phpmyadmin/ [33m404 [0m3.807 ms - 161[0m
[0mGET /phpmyadmin2/ [33m404 [0m4.182 ms - 151[0m
[0mGET /phpMyAdmin2/ [33m404 [0m5.543 ms - 151[0m
[0mGET /phpMyAdmin-2/ [33m404 [0m3.902 ms - 152[0m
[0mGET /php-my-admin/ [33m404 [0m4.035 ms - 152[0m
[0mGET /phpMyAdmin-2.2.3/ [33m404 [0m4.253 ms - 156[0m
[0mGET /phpMyAdmin-2.2.6/ [33m404 [0m3.846 ms - 156[0m
[0mGET /phpMyAdmin-2.5.1/ [33m404 [0m3.258 ms - 156[0m
[0mGET /phpMyAdmin-2.5.4/ [33m404 [0m2.822 ms - 156[0m
[0mGET /phpMyAdmin-2.5.5-rc1/ [33m404 [0m3.492 ms - 160[0m
[0mGET /phpMyAdmin-2.5.5-rc2/ [33m404 [0m3.714 ms - 160[0m
[0mGET /phpMyAdmin-2.5.5/ [33m404 [0m3.305 ms - 156[0m
[0mGET /phpMyAdmin-2.5.5-pl1/ [33m404 [0m4.090 ms - 160[0m
[0mGET /phpMyAdmin-2.5.6-rc1/ [33m404 [0m3.981 ms - 160[0m
[0mGET /phpMyAdmin-2.5.6-rc2/ [33m404 [0m4.175 ms - 160[0m
[0mGET /phpMyAdmin-2.5.6/ [33m404 [0m3.842 ms - 156[0m
[0mGET /phpMyAdmin-2.5.7/ [33m404 [0m4.040 ms - 156[0m
[0mGET /phpMyAdmin-2.5.7-pl1/ [33m404 [0m4.165 ms - 160[0m
[0mGET /phpMyAdmin-2.6.0-alpha/ [33m404 [0m2.724 ms - 162[0m
[0mGET /phpMyAdmin-2.6.0-alpha2/ [33m404 [0m10.818 ms - 163[0m
[0mGET /phpMyAdmin-2.6.0-beta1/ [33m404 [0m6.194 ms - 162[0m
[0mGET /phpMyAdmin-2.6.0-beta2/ [33m404 [0m3.786 ms - 162[0m
[0mGET /phpMyAdmin-2.6.0-rc1/ [33m404 [0m3.791 ms - 160[0m
[0mGET /phpMyAdmin-2.6.0-rc2/ [33m404 [0m3.843 ms - 160[0m
[0mGET /phpMyAdmin-2.6.0-rc3/ [33m404 [0m3.344 ms - 160[0m
[0mGET /phpMyAdmin-2.6.0/ [33m404 [0m3.728 ms - 156[0m
[0mGET /phpMyAdmin-2.6.0-pl1/ [33m404 [0m5.822 ms - 160[0m
[0mGET /phpMyAdmin-2.6.0-pl2/ [33m404 [0m4.458 ms - 160[0m
[0mGET /phpMyAdmin-2.6.0-pl3/ [33m404 [0m3.520 ms - 160[0m
[0mGET /phpMyAdmin-2.6.1-rc1/ [33m404 [0m3.559 ms - 160[0m
[0mGET /phpMyAdmin-2.6.1-rc2/ [33m404 [0m4.113 ms - 160[0m
[0mGET /phpMyAdmin-2.6.1/ [33m404 [0m3.726 ms - 156[0m
[0mGET /phpMyAdmin-2.6.1-pl1/ [33m404 [0m3.242 ms - 160[0m
[0mGET /phpMyAdmin-2.6.1-pl2/ [33m404 [0m3.812 ms - 160[0m
[0mGET /phpMyAdmin-2.6.1-pl3/ [33m404 [0m3.779 ms - 160[0m
[0mGET /phpMyAdmin-2.6.2-rc1/ [33m404 [0m2.811 ms - 160[0m
[0mGET /phpMyAdmin-2.6.2-beta1/ [33m404 [0m2.686 ms - 162[0m
[0mGET /phpMyAdmin-2.6.2-rc1/ [33m404 [0m3.922 ms - 160[0m
[0mGET /phpMyAdmin-2.6.2/ [33m404 [0m4.089 ms - 156[0m
[0mGET /phpMyAdmin-2.6.2-pl1/ [33m404 [0m3.491 ms - 160[0m
[0mGET /phpMyAdmin-2.6.3/ [33m404 [0m3.651 ms - 156[0m
[0mGET /phpMyAdmin-2.6.3-rc1/ [33m404 [0m4.313 ms - 160[0m
[0mGET /phpMyAdmin-2.6.3/ [33m404 [0m3.521 ms - 156[0m
[0mGET /phpMyAdmin-2.6.3-pl1/ [33m404 [0m4.235 ms - 160[0m
[0mGET /phpMyAdmin-2.6.4-rc1/ [33m404 [0m3.595 ms - 160[0m
[0mGET /phpMyAdmin-2.6.4-pl1/ [33m404 [0m4.203 ms - 160[0m
[0mGET /phpMyAdmin-2.6.4-pl2/ [33m404 [0m3.146 ms - 160[0m
[0mGET /phpMyAdmin-2.6.4-pl3/ [33m404 [0m3.119 ms - 160[0m
[0mGET /phpMyAdmin-2.6.4-pl4/ [33m404 [0m3.485 ms - 160[0m
[0mGET /phpMyAdmin-2.6.4/ [33m404 [0m3.178 ms - 156[0m
[0mGET /phpMyAdmin-2.7.0-beta1/ [33m404 [0m3.624 ms - 162[0m
[0mGET /phpMyAdmin-2.7.0-rc1/ [33m404 [0m2.688 ms - 160[0m
[0mGET /phpMyAdmin-2.7.0-pl1/ [33m404 [0m2.692 ms - 160[0m
[0mGET /phpMyAdmin-2.7.0-pl2/ [33m404 [0m4.243 ms - 160[0m
[0mGET /phpMyAdmin-2.7.0/ [33m404 [0m2.897 ms - 156[0m
[0mGET /phpMyAdmin-2.8.0-beta1/ [33m404 [0m2.997 ms - 162[0m
[0mGET /phpMyAdmin-2.8.0-rc1/ [33m404 [0m2.940 ms - 160[0m
[0mGET /phpMyAdmin-2.8.0-rc2/ [33m404 [0m4.299 ms - 160[0m
[0mGET /phpMyAdmin-2.8.0/ [33m404 [0m2.940 ms - 156[0m
[0mGET /phpMyAdmin-2.8.0.1/ [33m404 [0m2.457 ms - 158[0m
[0mGET /phpMyAdmin-2.8.0.2/ [33m404 [0m2.713 ms - 158[0m
[0mGET /phpMyAdmin-2.8.0.3/ [33m404 [0m3.506 ms - 158[0m
[0mGET /phpMyAdmin-2.8.0.4/ [33m404 [0m2.990 ms - 158[0m
[0mGET /phpMyAdmin-2.8.1-rc1/ [33m404 [0m3.047 ms - 160[0m
[0mGET /phpMyAdmin-2.8.1/ [33m404 [0m3.023 ms - 156[0m
[0mGET /phpMyAdmin-2.8.2/ [33m404 [0m3.007 ms - 156[0m
[0mGET /sqlmanager/ [33m404 [0m3.308 ms - 150[0m
[0mGET /mysqlmanager/ [33m404 [0m3.816 ms - 152[0m
[0mGET /p/m/a/ [33m404 [0m4.233 ms - 145[0m
[0mGET /PMA2005/ [33m404 [0m3.577 ms - 147[0m
[0mGET /pma2005/ [33m404 [0m3.508 ms - 147[0m
[0mGET /phpmanager/ [33m404 [0m3.645 ms - 150[0m
[0mGET /php-myadmin/ [33m404 [0m3.705 ms - 151[0m
[0mGET /phpmy-admin/ [33m404 [0m3.413 ms - 151[0m
[0mGET /webadmin/ [33m404 [0m3.458 ms - 148[0m
[0mGET /sqlweb/ [33m404 [0m3.066 ms - 146[0m
[0mGET /websql/ [33m404 [0m3.154 ms - 146[0m
[0mGET /webdb/ [33m404 [0m3.518 ms - 145[0m
[0mGET /mysqladmin/ [33m404 [0m3.485 ms - 150[0m
[0mGET /mysql-admin/ [33m404 [0m3.253 ms - 151[0m
[0mGET / [32m200 [0m13.531 ms - 60[0m
[0mGET / [32m200 [0m9.346 ms - 60[0m
[0mGET / [32m200 [0m14.646 ms - 60[0m
[0mGET /favicon.ico [33m404 [0m2.126 ms - 150[0m
[0mGET /robots.txt [33m404 [0m1.664 ms - 149[0m
[0mGET /sitemap.xml [33m404 [0m1.507 ms - 150[0m
[0mGET /aaa9 [33m404 [0m2.889 ms - 143[0m
[0mGET /aab8 [33m404 [0m1.780 ms - 143[0m
[0mGET / [32m200 [0m5.255 ms - 60[0m
[0mGET /config/getuser?index=0 [33m404 [0m5.219 ms - 153[0m
[0mGET / [32m200 [0m17.523 ms - 60[0m
[0mGET / [32m200 [0m10.010 ms - 60[0m
[0mGET / [32m200 [0m15.100 ms - 60[0m
[0mGET / [32m200 [0m12.472 ms - 60[0m
[0mGET / [32m200 [0m3.524 ms - 60[0m
[0mGET /favicon.ico [33m404 [0m2.047 ms - 150[0m
[0mGET / [32m200 [0m17.992 ms - 60[0m
[0mGET / [32m200 [0m4.339 ms - 60[0m
[0mGET / [32m200 [0m4.127 ms - 60[0m
[0mGET / [32m200 [0m3.235 ms - 60[0m
[0mGET / [32m200 [0m14.118 ms - 60[0m
[0mGET / [32m200 [0m17.378 ms - 60[0m
[0mGET / [32m200 [0m4.723 ms - 60[0m
[0mGET / [32m200 [0m17.055 ms - 60[0m
[0mGET / [32m200 [0m18.056 ms - 60[0m
[0mGET / [32m200 [0m14.971 ms - 60[0m
[0mGET /servlet?/servlet?m=mod_listener&p=login&q=loginForm&jumpto=status [33m404 [0m6.958 ms - 146[0m
[0mGET / [32m200 [0m16.497 ms - 60[0m
[0mGET / [32m200 [0m16.465 ms - 60[0m
[0mGET /servlet?m=mod_listener&p=login&q=loginForm&jumpto=status [33m404 [0m4.550 ms - 146[0m
[0mGET / [32m200 [0m9.949 ms - 60[0m
[0mGET / [32m200 [0m14.893 ms - 60[0m
[0mGET /hudson [33m404 [0m2.697 ms - 145[0m
[0mGET / [32m200 [0m13.336 ms - 60[0m
[0mGET /favicon.ico [33m404 [0m2.234 ms - 150[0m
[0mGET http://api.ipify.org/?format=json [32m200 [0m3.971 ms - 60[0m
[0mGET / [32m200 [0m13.351 ms - 60[0m
[0mGET /config/getuser?index=0 [33m404 [0m5.686 ms - 153[0m
[0mGET / [32m200 [0m17.322 ms - 60[0m
[0mGET / [32m200 [0m8.368 ms - 60[0m
[0mGET /?XDEBUG_SESSION_START=phpstorm [32m200 [0m13.261 ms - 60[0m
[0mGET /actuator/gateway/routes [33m404 [0m5.958 ms - 162[0m
[0mGET / [32m200 [0m17.100 ms - 60[0m
[0mGET /favicon.ico [33m404 [0m2.331 ms - 150[0m
[0mGET http://api64.ipify.org/?format=json [32m200 [0m4.391 ms - 60[0m
[0mGET / [32m200 [0m15.614 ms - 60[0m
[0mGET /config/getuser?index=0 [33m404 [0m6.990 ms - 153[0m
[0mGET / [32m200 [0m15.226 ms - 60[0m
[0mGET http://checkip.dyndns.org/ [32m200 [0m4.121 ms - 60[0m
[0mGET / [32m200 [0m8.610 ms - 60[0m
[0mPOST /51664437 [33m404 [0m7.467 ms - 148[0m
[0mGET / [32m200 [0m12.948 ms - 60[0m
[0mGET / [32m200 [0m5.743 ms - 60[0m
[0mGET / [32m200 [0m11.419 ms - 60[0m
[0mGET / [32m200 [0m6.000 ms - 60[0m
[0mGET / [32m200 [0m13.469 ms - 60[0m
[0mGET / [32m200 [0m13.468 ms - 60[0m
[0mGET / [32m200 [0m12.950 ms - 60[0m
[0mGET / [32m200 [0m12.972 ms - 60[0m
[0mGET / [32m200 [0m15.249 ms - 60[0m
[0mGET / [32m200 [0m13.133 ms - 60[0m
[0mGET / [32m200 [0m10.750 ms - 60[0m
[0mPOST /cgi-bin/luci/;stok=/locate?form=country [0m- [0m- ms - -[0m
[0mGET /cdn-cgi/trace [33m404 [0m2.540 ms - 152[0m
[0mGET /config/getuser?index=0 [33m404 [0m4.612 ms - 153[0m
[0mGET / [32m200 [0m11.697 ms - 60[0m
[0mGET / [32m200 [0m14.327 ms - 60[0m
[0mGET / [32m200 [0m13.888 ms - 60[0m
[0mGET / [32m200 [0m14.882 ms - 60[0m
[0mGET / [32m200 [0m11.296 ms - 60[0m
[0mGET / [32m200 [0m17.554 ms - 60[0m
[0mGET /favicon.ico [33m404 [0m2.143 ms - 150[0m
[0mGET / [32m200 [0m16.260 ms - 60[0m
[0mGET / [32m200 [0m5.764 ms - 60[0m
[0mGET /favicon.ico [33m404 [0m2.095 ms - 150[0m
[0mGET / [32m200 [0m3.312 ms - 60[0m
[0mGET /favicon.ico [33m404 [0m1.417 ms - 150[0m
[0mGET / [32m200 [0m4.001 ms - 60[0m
[0mGET /favicon.ico [33m404 [0m1.711 ms - 150[0m
[0mGET / [32m200 [0m3.878 ms - 60[0m
[0mGET /favicon.ico [33m404 [0m1.434 ms - 150[0m
[0mGET / [32m200 [0m15.847 ms - 60[0m
[0mGET / [32m200 [0m15.368 ms - 60[0m
[0mGET / [32m200 [0m16.008 ms - 60[0m
[0mGET / [32m200 [0m15.459 ms - 60[0m
[0mGET / [32m200 [0m4.130 ms - 60[0m
[0mGET /favicon.ico [33m404 [0m2.162 ms - 150[0m
[0mGET / [32m200 [0m14.672 ms - 60[0m
[0mGET /actuator/health [33m404 [0m4.049 ms - 154[0m
[0mGET / [32m200 [0m8.442 ms - 60[0m
[0mGET / [32m200 [0m7.739 ms - 60[0m
[0mGET / [32m200 [0m12.259 ms - 60[0m
[0mGET /favicon.ico [33m404 [0m2.124 ms - 150[0m
[0mGET http://api.ipify.org/?format=json [32m200 [0m4.386 ms - 60[0m
[0mGET /manager/text/list [33m404 [0m1.463 ms - 156[0m
[0mGET / [32m200 [0m7.699 ms - 60[0m
[0mGET /?XDEBUG_SESSION_START=phpstorm [32m200 [0m13.204 ms - 60[0m
[0mGET /actuator/gateway/routes [33m404 [0m5.777 ms - 162[0m
[0mGET / [32m200 [0m14.520 ms - 60[0m
rehan.shahjahan98@gmail.com req body
Error: Invalid login: 535-5.7.8 Username and Password not accepted. Learn more at
535 5.7.8  https://support.google.com/mail/?p=BadCredentials h14-20020a2eb0ee000000b002b6db0ed72fsm2805961ljl.48 - gsmtp
    at SMTPConnection._formatError (/root/Coin/CrazyFlip-backend-main/node_modules/nodemailer/lib/smtp-connection/index.js:784:19)
    at SMTPConnection._actionAUTHComplete (/root/Coin/CrazyFlip-backend-main/node_modules/nodemailer/lib/smtp-connection/index.js:1523:34)
    at SMTPConnection.<anonymous> (/root/Coin/CrazyFlip-backend-main/node_modules/nodemailer/lib/smtp-connection/index.js:550:26)
    at SMTPConnection._processResponse (/root/Coin/CrazyFlip-backend-main/node_modules/nodemailer/lib/smtp-connection/index.js:942:20)
    at SMTPConnection._onData (/root/Coin/CrazyFlip-backend-main/node_modules/nodemailer/lib/smtp-connection/index.js:749:14)
    at SMTPConnection._onSocketData (/root/Coin/CrazyFlip-backend-main/node_modules/nodemailer/lib/smtp-connection/index.js:195:44)
    at TLSSocket.emit (node:events:513:28)
    at addChunk (node:internal/streams/readable:324:12)
    at readableAddChunk (node:internal/streams/readable:297:9)
    at Readable.push (node:internal/streams/readable:234:10)
    at TLSWrap.onStreamRead (node:internal/stream_base_commons:190:23) {
  code: 'EAUTH',
  response: '535-5.7.8 Username and Password not accepted. Learn more at\n' +
    '535 5.7.8  https://support.google.com/mail/?p=BadCredentials h14-20020a2eb0ee000000b002b6db0ed72fsm2805961ljl.48 - gsmtp',
  responseCode: 535,
  command: 'AUTH PLAIN'
} eeeerrrr
ERROR: Could not send forgot password email after security downgrade.
 Error: Invalid login: 535-5.7.8 Username and Password not accepted. Learn more at
535 5.7.8  https://support.google.com/mail/?p=BadCredentials h14-20020a2eb0ee000000b002b6db0ed72fsm2805961ljl.48 - gsmtp
    at SMTPConnection._formatError (/root/Coin/CrazyFlip-backend-main/node_modules/nodemailer/lib/smtp-connection/index.js:784:19)
    at SMTPConnection._actionAUTHComplete (/root/Coin/CrazyFlip-backend-main/node_modules/nodemailer/lib/smtp-connection/index.js:1523:34)
    at SMTPConnection.<anonymous> (/root/Coin/CrazyFlip-backend-main/node_modules/nodemailer/lib/smtp-connection/index.js:550:26)
    at SMTPConnection._processResponse (/root/Coin/CrazyFlip-backend-main/node_modules/nodemailer/lib/smtp-connection/index.js:942:20)
    at SMTPConnection._onData (/root/Coin/CrazyFlip-backend-main/node_modules/nodemailer/lib/smtp-connection/index.js:749:14)
    at SMTPConnection._onSocketData (/root/Coin/CrazyFlip-backend-main/node_modules/nodemailer/lib/smtp-connection/index.js:195:44)
    at TLSSocket.emit (node:events:513:28)
    at addChunk (node:internal/streams/readable:324:12)
    at readableAddChunk (node:internal/streams/readable:297:9)
    at Readable.push (node:internal/streams/readable:234:10)
    at TLSWrap.onStreamRead (node:internal/stream_base_commons:190:23) {
  code: 'EAUTH',
  response: '535-5.7.8 Username and Password not accepted. Learn more at\n' +
    '535 5.7.8  https://support.google.com/mail/?p=BadCredentials h14-20020a2eb0ee000000b002b6db0ed72fsm2805961ljl.48 - gsmtp',
  responseCode: 535,
  command: 'AUTH PLAIN'
}
[0mPOST /forgot [31m500 [0m572.666 ms - 106[0m
[0mPOST /login [33m400 [0m135.187 ms - 73[0m
[0mPOST /login [33m400 [0m132.527 ms - 73[0m
[0mPOST /login [32m200 [0m137.949 ms - 66[0m
[0mGET /login [32m200 [0m8.479 ms - 374[0m
[0mGET / [32m200 [0m4.937 ms - 60[0m
{
  email: 'wahab@octallabs.io',
  password: '123456789',
  confirmPassword: '123456789',
  walletAddress: '0x3a435f8ef19248204a5c037f45f566fc6f1ba29b'
} req body
[0mPOST /signUp [32m200 [0m144.385 ms - 58[0m
[0mPOST /login [32m200 [0m127.970 ms - 66[0m
[0mGET /login [32m200 [0m8.395 ms - 259[0m
[0mGET /admin/transactions [36m302 [0m10.568 ms - 23[0m
[0mGET / [36m304 [0m8.658 ms - -[0m
[0mGET /admin/transactions [36m302 [0m8.291 ms - 23[0m
[0mGET / [36m304 [0m10.606 ms - -[0m
[0mGET /admin/transactions [36m302 [0m9.748 ms - 23[0m
[0mGET / [36m304 [0m8.668 ms - -[0m
[0mGET / [32m200 [0m11.195 ms - 60[0m
[0mGET / [32m200 [0m5.716 ms - 60[0m
[0mGET / [32m200 [0m3.837 ms - 60[0m
[0mGET / [32m200 [0m4.057 ms - 60[0m
[0mGET / [32m200 [0m4.179 ms - 60[0m
[0mGET / [32m200 [0m4.401 ms - 60[0m
{
  email: 'itswahabahmad@gmail.com',
  password: '1234567',
  confirmPassword: '1234567',
  walletAddress: '0x3a435f8ef19248204a5c037f45f566fc6f1ba29b'
} req body
[0mPOST /signUp [33m400 [0m5.127 ms - 92[0m
[0mPOST /login [33m400 [0m134.601 ms - 73[0m
[0mPOST /login [33m400 [0m127.977 ms - 73[0m
[0mPOST /login [33m400 [0m134.514 ms - 73[0m
[0mPOST /login [33m400 [0m134.750 ms - 73[0m
[0mPOST /login [33m400 [0m139.496 ms - 73[0m
[0mPOST /login [32m200 [0m132.326 ms - 66[0m
[0mGET /login [32m200 [0m7.359 ms - 259[0m
{
  email: 'snyder3595@gmail.com',
  password: 'x380279',
  confirmPassword: 'x380279',
  walletAddress: '0x6b62e97fbe0967b4a3830cdb419cc9c48c46c800'
} req body
[0mPOST /signUp [33m400 [0m4.448 ms - 92[0m
{
  email: 'snyder3595@gmail.com',
  password: 'x380279X',
  confirmPassword: 'x380279X',
  walletAddress: '0x6b62e97fbe0967b4a3830cdb419cc9c48c46c800'
} req body
[0mPOST /signUp [32m200 [0m138.494 ms - 58[0m
{
  email: 'snyder3595@gmail.com',
  password: 'x380279X',
  confirmPassword: 'x380279X',
  walletAddress: '0x6b62e97fbe0967b4a3830cdb419cc9c48c46c800'
} req body
[0mPOST /signUp [33m400 [0m9.604 ms - 135[0m
[0mPOST /login [32m200 [0m109.825 ms - 66[0m
[0mGET /login [32m200 [0m7.139 ms - 261[0m
[0mGET /admin/transactions [36m302 [0m13.359 ms - 23[0m
[0mGET / [32m200 [0m9.341 ms - 60[0m
[0mGET / [32m200 [0m5.538 ms - 60[0m
[0mPOST /login [32m200 [0m159.015 ms - 66[0m
[0mGET /login [32m200 [0m7.604 ms - 374[0m
[0mGET /admin/transactions [36m302 [0m8.585 ms - 23[0m
[0mGET / [36m304 [0m9.262 ms - -[0m
[0mGET /admin/transactions [36m302 [0m7.701 ms - 23[0m
[0mGET / [36m304 [0m8.690 ms - -[0m
[0mGET /admin/transactions [36m302 [0m7.239 ms - 23[0m
[0mGET / [36m304 [0m10.923 ms - -[0m
[0mGET /login [36m304 [0m23.958 ms - -[0m
[0mGET /admin/transactions [36m302 [0m8.016 ms - 23[0m
[0mGET / [36m304 [0m9.751 ms - -[0m
[0mGET /admin/transactions [36m302 [0m8.086 ms - 23[0m
[0mGET / [36m304 [0m9.002 ms - -[0m
[0mGET /admin/transactions [36m302 [0m10.121 ms - 23[0m
[0mGET / [36m304 [0m8.235 ms - -[0m
[0mGET /admin/transactions [36m302 [0m8.688 ms - 23[0m
[0mGET / [36m304 [0m8.894 ms - -[0m
[0mPOST /login [33m400 [0m146.359 ms - 73[0m
[0mPOST /login [32m200 [0m130.964 ms - 66[0m
[0mGET /login [32m200 [0m7.733 ms - 374[0m
[0mGET /admin/transactions [36m302 [0m8.059 ms - 23[0m
[0mGET / [36m304 [0m10.080 ms - -[0m
[0mGET /admin/transactions [36m302 [0m8.651 ms - 23[0m
[0mGET / [36m304 [0m8.871 ms - -[0m
[0mGET /admin/transactions [36m302 [0m9.484 ms - 23[0m
[0mGET / [36m304 [0m10.262 ms - -[0m
{
  email: 'usamalatif25@gmail.com',
  password: 'X^oFy3CWhE3@N^01',
  confirmPassword: 'X^oFy3CWhE3@N^01',
  walletAddress: '0x8eb0223cac4ae268aa79e2c586a2a68bff5d20e4'
} req body
[0mPOST /signUp [32m200 [0m135.601 ms - 58[0m
[0mGET /admin/transactions [36m302 [0m8.024 ms - 23[0m
[0mGET / [36m304 [0m8.400 ms - -[0m
[0mGET /logout [36m304 [0m6.807 ms - -[0m
[0mPOST /login [32m200 [0m129.717 ms - 66[0m
[0mPOST /login [32m200 [0m127.822 ms - 66[0m
[0mGET /login [32m200 [0m7.327 ms - 374[0m
[0mGET /admin/transactions [36m302 [0m7.476 ms - 23[0m
[0mGET / [36m304 [0m10.857 ms - -[0m
[0mGET /login [36m304 [0m19.514 ms - -[0m
[32m[nodemon] restarting due to changes...[39m
[32m[nodemon] starting `node app.js`[39m
[32m[nodemon] restarting due to changes...[39m
[32m[nodemon] starting `node app.js`[39m
Server is running on port 8080
[0mGET /login [36m304 [0m108.180 ms - -[0m
[0mGET /admin/transactions [36m302 [0m26.708 ms - 23[0m
[0mGET / [36m304 [0m18.458 ms - -[0m
[0mGET /login [36m304 [0m14.783 ms - -[0m
[0mGET /admin/transactions [36m302 [0m18.095 ms - 23[0m
[0mGET / [36m304 [0m13.544 ms - -[0m
{
  email: 'usamalatif25@gmail.com',
  password: 'fTP2u17H0zvL&VHE',
  confirmPassword: 'fTP2u17H0zvL&VHE',
  walletAddress: '0x8eb0223cac4ae268aa79e2c586a2a68bff5d20e4'
} req body
[0mPOST /signUp [33m400 [0m179.063 ms - 135[0m
[0mGET / [32m200 [0m6.616 ms - 60[0m
[0mGET / [32m200 [0m6.410 ms - 60[0m
[0mGET /favicon.ico [33m404 [0m4.759 ms - 150[0m
[0mPOST /login [33m400 [0m161.624 ms - 73[0m
[0mPOST /login [33m400 [0m137.748 ms - 73[0m
[0mPOST /login [32m200 [0m139.897 ms - 66[0m
[0mGET /login [32m200 [0m12.076 ms - 259[0m
{
  email: 'usamalatif11@gmail.com',
  password: 'DuKMIG4yO8!T!OO0',
  confirmPassword: 'DuKMIG4yO8!T!OO0',
  walletAddress: '0x63b6730942e89b869a2da0883dbad12c441ee323'
} req body
[0mPOST /signUp [32m200 [0m143.748 ms - 58[0m
[0mGET /admin/transactions [36m302 [0m9.671 ms - 23[0m
[0mGET / [32m200 [0m13.367 ms - 60[0m
[0mPOST /login [32m200 [0m132.435 ms - 66[0m
[0mGET /login [32m200 [0m9.745 ms - 263[0m
[0mGET /admin/transactions [36m302 [0m10.014 ms - 23[0m
[0mGET / [36m304 [0m12.172 ms - -[0m
[0mGET /login [36m304 [0m9.550 ms - -[0m
[0mGET /login [32m200 [0m8.699 ms - 374[0m
[0mGET /admin/transactions [36m302 [0m11.854 ms - 23[0m
[0mGET / [36m304 [0m11.504 ms - -[0m
[0mGET /admin/transactions [36m302 [0m9.258 ms - 23[0m
[0mGET / [36m304 [0m10.537 ms - -[0m
[0mPOST /login [32m200 [0m135.587 ms - 66[0m
[0mGET /login [32m200 [0m9.525 ms - 374[0m
[0mGET /admin/transactions [36m302 [0m8.531 ms - 23[0m
[0mGET / [36m304 [0m11.946 ms - -[0m
[0mGET /login?from=%2F [33m401 [0m6.213 ms - 56[0m
[0mGET / [32m200 [0m17.214 ms - 60[0m
[0mGET http://checkip.dyndns.org/ [32m200 [0m7.574 ms - 60[0m
[0mGET / [32m200 [0m6.103 ms - 60[0m
[0mGET / [32m200 [0m14.642 ms - 60[0m
[0mGET / [32m200 [0m17.586 ms - 60[0m
[0mGET / [32m200 [0m14.811 ms - 60[0m
[0mGET http://5.188.210.227/echo.php [33m404 [0m10.906 ms - 147[0m
[0mGET /aaa9 [33m404 [0m5.798 ms - 143[0m
[0mGET /aab8 [33m404 [0m2.681 ms - 143[0m
[0mGET / [32m200 [0m10.634 ms - 60[0m
[0mGET / [32m200 [0m13.701 ms - 60[0m
[0mGET / [32m200 [0m15.234 ms - 60[0m
[0mGET / [32m200 [0m12.810 ms - 60[0m
[0mGET / [32m200 [0m12.598 ms - 60[0m
[0mGET / [32m200 [0m13.267 ms - 60[0m
[0mGET / [32m200 [0m16.781 ms - 60[0m
[0mGET / [32m200 [0m17.183 ms - 60[0m
[0mGET /favicon.ico [33m404 [0m6.046 ms - 150[0m
[0mGET http://api64.ipify.org/?format=json [32m200 [0m4.545 ms - 60[0m
[0mPOST /goform/set_LimitClient_cfg [0m- [0m- ms - -[0m
[0mGET / [32m200 [0m13.762 ms - 60[0m
[0mGET / [32m200 [0m15.399 ms - 60[0m
[0mGET / [32m200 [0m12.505 ms - 60[0m
[0mPOST /login [32m200 [0m186.524 ms - 66[0m
[0mGET /login [32m200 [0m10.944 ms - 374[0m
[0mGET /admin/transactions [36m302 [0m11.921 ms - 23[0m
[0mGET / [36m304 [0m14.159 ms - -[0m
[0mPOST /login [32m200 [0m140.459 ms - 66[0m
[0mGET /login [32m200 [0m7.872 ms - 374[0m
[0mGET /login [36m304 [0m28.090 ms - -[0m
[0mGET /admin/transactions [36m302 [0m11.085 ms - 23[0m
[0mGET / [36m304 [0m20.049 ms - -[0m
[0mGET /logout [36m304 [0m13.031 ms - -[0m
Returned error: execution reverted: Account is already affiliated error
[0mPOST /contract/add-affliate [32m200 [0m630.105 ms - 36[0m
{
  email: 'rehan@gmail.com',
  password: '123456789',
  confirmPassword: '123456789',
  walletAddress: '0xc503c5c074c4853e6ae204392004f7d98fd9b367'
} req body
[0mPOST /signUp [32m200 [0m156.650 ms - 58[0m
Transaction receipt: 0x2321c0789093047c0fbe99ff98a7ed66fb97b5509cf191e40eeee5d30d9b4796
[0mPOST /contract/add-affliate [0m- [0m- ms - -[0m
[0mPOST /login [32m200 [0m149.318 ms - 66[0m
[0mGET /login [32m200 [0m7.989 ms - 374[0m
[0mGET /admin/transactions [36m302 [0m12.732 ms - 23[0m
[0mGET / [36m304 [0m11.278 ms - -[0m
[0mGET /admin/transactions [36m302 [0m9.090 ms - 23[0m
[0mGET / [36m304 [0m9.863 ms - -[0m
[0mGET /logout [36m304 [0m5.339 ms - -[0m
[0mPOST /login [32m200 [0m135.439 ms - 66[0m
[0mGET /login [32m200 [0m27.135 ms - 256[0m
[0mGET /admin/transactions [36m302 [0m8.415 ms - 23[0m
[0mGET / [36m304 [0m9.728 ms - -[0m
[0mGET /logout [36m304 [0m3.317 ms - -[0m
2nd Transaction receipt: 0x8ccee1f6dc30da630c4648db591bd17f73a971fa5f29e3c3c50036cf922f408e
[0mPOST /login [32m200 [0m138.604 ms - 66[0m
[0mGET /login [32m200 [0m8.180 ms - 256[0m
[0mGET /logout [36m304 [0m3.066 ms - -[0m
[0mGET /?XDEBUG_SESSION_START=phpstorm [32m200 [0m5.352 ms - 60[0m
[0mGET /actuator/gateway/routes [33m404 [0m5.343 ms - 162[0m
[0mPOST /login [33m400 [0m22.538 ms - 114[0m
[0mPOST /login [32m200 [0m137.904 ms - 66[0m
[0mGET /login [32m200 [0m8.193 ms - 256[0m
[0mGET /admin/transactions [36m302 [0m9.241 ms - 23[0m
[0mGET / [36m304 [0m10.593 ms - -[0m
[0mGET /admin/transactions [36m302 [0m7.840 ms - 23[0m
[0mGET / [36m304 [0m10.141 ms - -[0m
[0mGET /logout [36m304 [0m3.777 ms - -[0m
[0mPOST /login [32m200 [0m139.154 ms - 66[0m
[0mGET /login [32m200 [0m8.579 ms - 374[0m
[0mGET /admin/transactions [36m302 [0m11.232 ms - 23[0m
[0mGET / [36m304 [0m9.430 ms - -[0m
[0mGET /logout [36m304 [0m3.190 ms - -[0m
[0mPOST /login [32m200 [0m170.767 ms - 66[0m
[0mGET /login [32m200 [0m11.278 ms - 374[0m
[0mGET /logout [36m304 [0m4.614 ms - -[0m
[0mGET / [32m200 [0m7.072 ms - 60[0m
Returned error: already known error
[0mPOST /contract/add-affliate [32m200 [0m1223.387 ms - 36[0m
{
  email: 'reh@gmail.com',
  password: '123456789',
  confirmPassword: '123456789',
  walletAddress: '0xbce0f357b162a3364860e8fd7625cc156897f130'
} req body
[0mPOST /SignUp [32m200 [0m148.179 ms - 58[0m
[0mPOST /login [32m200 [0m141.291 ms - 66[0m
[0mGET /login [32m200 [0m9.516 ms - 254[0m
[0mGET /admin/transactions [36m302 [0m8.691 ms - 23[0m
[0mGET / [36m304 [0m10.719 ms - -[0m
[0mGET /logout [36m304 [0m3.283 ms - -[0m
[0mPOST /contract/add-affliate [0m- [0m- ms - -[0m
[0mPOST /login [32m200 [0m135.027 ms - 66[0m
[0mGET /login [32m200 [0m10.408 ms - 374[0m
[0mGET /admin/transactions [36m302 [0m9.102 ms - 23[0m
[0mGET / [36m304 [0m9.623 ms - -[0m
[0mGET /admin/transactions [36m302 [0m8.769 ms - 23[0m
[0mGET / [36m304 [0m10.045 ms - -[0m
[0mGET /admin/transactions [36m302 [0m10.516 ms - 23[0m
[0mGET / [36m304 [0m9.721 ms - -[0m
[0mGET /login [36m304 [0m8.061 ms - -[0m
Transaction receipt: 0x6c88ec66a393e2b8be669ba1b0451bfe0dc470e5c0d0ceee26a3955f59c30a87
2nd Transaction receipt: 0x19cfc7538b8360e0091849b918a08d7499c01eee959d3f30a9052de3470f82c9
[0mGET /login [36m304 [0m17.142 ms - -[0m
